分析目录: results/

====================================================================================================
Page Size 性能对比汇总
====================================================================================================

Page Size    请求吞吐量        输出吞吐量          端到端延迟            首Token延迟         Token间延迟        
-------------------------------------------------------------------------------------------
1            2.90         224.53         1625.56          79.47            20.24           
16           2.85         220.88         3153.01          1573.54          20.68           
32           1.59         123.10         9967.50          8405.76          20.42           
64           2.86         221.58         2200.58          197.45           26.24           
128          2.86         221.58         2197.06          196.76           26.20           
256          2.86         221.58         2193.44          197.60           26.14           

========================================================================================================================
详细性能指标对比
========================================================================================================================

Page Size    请求/s       输出tok/s      输入tok/s      E2E均值        E2E中位        E2E P90      E2E P99      TTFT均值       TTFT中位       ITL均值        ITL中位       
---------------------------------------------------------------------------------------------------------------------------------------------------------
1            2.90       224.53       449.42       1625.56      1647.88      2420.86      2788.35      79.47        64.04        20.24        17.96       
16           2.85       220.88       881.92       3153.01      2951.60      5142.86      6473.00      1573.54      1437.92      20.68        17.61       
32           1.59       123.10       977.03       9967.50      9906.56      12079.76     14870.44     8405.76      8450.19      20.42        17.36       
64           2.86       221.58       3567.51      2200.58      2134.51      3438.46      4321.28      197.45       184.56       26.24        16.47       
128          2.86       221.58       3567.65      2197.06      2137.62      3418.44      4388.06      196.76       183.84       26.20        16.45       
256          2.86       221.58       3567.62      2193.44      2144.43      3407.74      4350.52      197.60       182.58       26.14        16.45       

====================================================================================================
性能分析
====================================================================================================

最佳请求吞吐量: Page Size 1 (2.90 req/s)
最佳输出吞吐量: Page Size 1 (224.53 tok/s)
最低端到端延迟: Page Size 1 (1625.56 ms)
最低首Token延迟: Page Size 1 (79.47 ms)
最低Token间延迟: Page Size 1 (20.24 ms)

相对于 Page Size 1 的性能变化:
--------------------------------------------------------------------------------
Page Size 16: 请求吞吐量 -1.6%, 输出吞吐量 -1.6%, 端到端延迟 -94.0%
Page Size 32: 请求吞吐量 -45.2%, 输出吞吐量 -45.2%, 端到端延迟 -513.2%
Page Size 64: 请求吞吐量 -1.3%, 输出吞吐量 -1.3%, 端到端延迟 -35.4%
Page Size 128: 请求吞吐量 -1.3%, 输出吞吐量 -1.3%, 端到端延迟 -35.2%
Page Size 256: 请求吞吐量 -1.3%, 输出吞吐量 -1.3%, 端到端延迟 -34.9%

====================================================================================================
所有结果文件:
====================================================================================================

Page Size 1:
  bench_page1_20260127_131847.jsonl (时间: 20260127_131847, 请求吞吐量: 2.90 req/s)
  bench_page1_20260127_144834.jsonl (时间: 20260127_144834, 请求吞吐量: 2.90 req/s)

Page Size 16:
  bench_page16_20260127_132450.jsonl (时间: 20260127_132450, 请求吞吐量: 2.86 req/s)
  bench_page16_20260127_145513.jsonl (时间: 20260127_145513, 请求吞吐量: 2.85 req/s)

Page Size 32:
  bench_page32_20260127_150155.jsonl (时间: 20260127_150155, 请求吞吐量: 1.59 req/s)

Page Size 64:
  bench_page64_20260127_151324.jsonl (时间: 20260127_151324, 请求吞吐量: 2.86 req/s)

Page Size 128:
  bench_page128_20260127_152005.jsonl (时间: 20260127_152005, 请求吞吐量: 2.86 req/s)

Page Size 256:
  bench_page256_20260127_152643.jsonl (时间: 20260127_152643, 请求吞吐量: 2.86 req/s)
